<?xml version="1.0" encoding="UTF-8"?>
<coverage generated="1740531224471" clover="3.2.0">
  <project timestamp="1740531224471" name="All files">
    <metrics statements="126" coveredstatements="105" conditionals="67" coveredconditionals="55" methods="62" coveredmethods="49" elements="255" coveredelements="209" complexity="0" loc="126" ncloc="126" packages="6" files="21" classes="21"/>
    <package name="src">
      <metrics statements="2" coveredstatements="0" conditionals="0" coveredconditionals="0" methods="0" coveredmethods="0"/>
      <file name="main.jsx" path="/home/peterheyboer/lighthouse/scheduler/src/main.jsx">
        <metrics statements="2" coveredstatements="0" conditionals="0" coveredconditionals="0" methods="0" coveredmethods="0"/>
        <line num="8" count="0" type="stmt"/>
        <line num="9" count="0" type="stmt"/>
      </file>
      <file name="setupTests.js" path="/home/peterheyboer/lighthouse/scheduler/src/setupTests.js">
        <metrics statements="0" coveredstatements="0" conditionals="0" coveredconditionals="0" methods="0" coveredmethods="0"/>
      </file>
    </package>
    <package name="src.components">
      <metrics statements="23" coveredstatements="22" conditionals="6" coveredconditionals="5" methods="12" coveredmethods="12"/>
      <file name="Application.jsx" path="/home/peterheyboer/lighthouse/scheduler/src/components/Application.jsx">
        <metrics statements="5" coveredstatements="5" conditionals="0" coveredconditionals="0" methods="2" coveredmethods="2"/>
        <line num="20" count="8" type="stmt"/>
        <line num="22" count="8" type="stmt"/>
        <line num="24" count="8" type="stmt"/>
        <line num="26" count="10" type="stmt"/>
        <line num="39" count="8" type="stmt"/>
      </file>
      <file name="Button.jsx" path="/home/peterheyboer/lighthouse/scheduler/src/components/Button.jsx">
        <metrics statements="2" coveredstatements="2" conditionals="0" coveredconditionals="0" methods="1" coveredmethods="1"/>
        <line num="6" count="31" type="stmt"/>
        <line num="11" count="31" type="stmt"/>
      </file>
      <file name="DayList.jsx" path="/home/peterheyboer/lighthouse/scheduler/src/components/DayList.jsx">
        <metrics statements="3" coveredstatements="3" conditionals="0" coveredconditionals="0" methods="2" coveredmethods="2"/>
        <line num="4" count="8" type="stmt"/>
        <line num="5" count="10" type="stmt"/>
        <line num="16" count="8" type="stmt"/>
      </file>
      <file name="DayListItem.jsx" path="/home/peterheyboer/lighthouse/scheduler/src/components/DayListItem.jsx">
        <metrics statements="6" coveredstatements="5" conditionals="4" coveredconditionals="3" methods="3" coveredmethods="3"/>
        <line num="6" count="10" type="cond" truecount="2" falsecount="0"/>
        <line num="7" count="9" type="cond" truecount="1" falsecount="1"/>
        <line num="9" count="0" type="stmt"/>
        <line num="13" count="10" type="stmt"/>
        <line num="18" count="10" type="stmt"/>
        <line num="21" count="1" type="stmt"/>
      </file>
      <file name="InterviewerList.jsx" path="/home/peterheyboer/lighthouse/scheduler/src/components/InterviewerList.jsx">
        <metrics statements="5" coveredstatements="5" conditionals="0" coveredconditionals="0" methods="3" coveredmethods="3"/>
        <line num="7" count="14" type="stmt"/>
        <line num="8" count="17" type="stmt"/>
        <line num="15" count="1" type="stmt"/>
        <line num="20" count="14" type="stmt"/>
        <line num="28" count="3" type="stmt"/>
      </file>
      <file name="InterviewerListItem.jsx" path="/home/peterheyboer/lighthouse/scheduler/src/components/InterviewerListItem.jsx">
        <metrics statements="2" coveredstatements="2" conditionals="2" coveredconditionals="2" methods="1" coveredmethods="1"/>
        <line num="7" count="17" type="stmt"/>
        <line num="11" count="17" type="stmt"/>
      </file>
    </package>
    <package name="src.components.Appointment">
      <metrics statements="46" coveredstatements="38" conditionals="32" coveredconditionals="26" methods="22" coveredmethods="15"/>
      <file name="Confirm.jsx" path="/home/peterheyboer/lighthouse/scheduler/src/components/Appointment/Confirm.jsx">
        <metrics statements="1" coveredstatements="1" conditionals="0" coveredconditionals="0" methods="1" coveredmethods="1"/>
        <line num="4" count="1" type="stmt"/>
      </file>
      <file name="Empty.jsx" path="/home/peterheyboer/lighthouse/scheduler/src/components/Appointment/Empty.jsx">
        <metrics statements="1" coveredstatements="1" conditionals="0" coveredconditionals="0" methods="1" coveredmethods="1"/>
        <line num="2" count="14" type="stmt"/>
      </file>
      <file name="Error.jsx" path="/home/peterheyboer/lighthouse/scheduler/src/components/Appointment/Error.jsx">
        <metrics statements="1" coveredstatements="0" conditionals="0" coveredconditionals="0" methods="1" coveredmethods="0"/>
        <line num="2" count="0" type="stmt"/>
      </file>
      <file name="Form.jsx" path="/home/peterheyboer/lighthouse/scheduler/src/components/Appointment/Form.jsx">
        <metrics statements="16" coveredstatements="15" conditionals="6" coveredconditionals="6" methods="6" coveredmethods="5"/>
        <line num="7" count="14" type="cond" truecount="2" falsecount="0"/>
        <line num="8" count="14" type="cond" truecount="2" falsecount="0"/>
        <line num="9" count="14" type="stmt"/>
        <line num="12" count="1" type="stmt"/>
        <line num="13" count="1" type="stmt"/>
        <line num="14" count="1" type="stmt"/>
        <line num="18" count="1" type="stmt"/>
        <line num="19" count="1" type="stmt"/>
        <line num="27" count="5" type="cond" truecount="2" falsecount="0"/>
        <line num="28" count="2" type="stmt"/>
        <line num="29" count="2" type="stmt"/>
        <line num="31" count="3" type="stmt"/>
        <line num="32" count="3" type="stmt"/>
        <line num="35" count="14" type="stmt"/>
        <line num="38" count="0" type="stmt"/>
        <line num="46" count="3" type="stmt"/>
      </file>
      <file name="Header.jsx" path="/home/peterheyboer/lighthouse/scheduler/src/components/Appointment/Header.jsx">
        <metrics statements="1" coveredstatements="1" conditionals="0" coveredconditionals="0" methods="1" coveredmethods="1"/>
        <line num="2" count="24" type="stmt"/>
      </file>
      <file name="Show.jsx" path="/home/peterheyboer/lighthouse/scheduler/src/components/Appointment/Show.jsx">
        <metrics statements="1" coveredstatements="1" conditionals="2" coveredconditionals="2" methods="1" coveredmethods="1"/>
        <line num="2" count="7" type="stmt"/>
      </file>
      <file name="Status.jsx" path="/home/peterheyboer/lighthouse/scheduler/src/components/Appointment/Status.jsx">
        <metrics statements="1" coveredstatements="1" conditionals="0" coveredconditionals="0" methods="1" coveredmethods="1"/>
        <line num="2" count="1" type="stmt"/>
      </file>
      <file name="index.jsx" path="/home/peterheyboer/lighthouse/scheduler/src/components/Appointment/index.jsx">
        <metrics statements="24" coveredstatements="18" conditionals="24" coveredconditionals="18" methods="10" coveredmethods="5"/>
        <line num="14" count="2" type="stmt"/>
        <line num="15" count="2" type="stmt"/>
        <line num="16" count="2" type="stmt"/>
        <line num="17" count="2" type="stmt"/>
        <line num="18" count="2" type="stmt"/>
        <line num="19" count="2" type="stmt"/>
        <line num="20" count="2" type="stmt"/>
        <line num="21" count="2" type="stmt"/>
        <line num="22" count="2" type="stmt"/>
        <line num="25" count="24" type="stmt"/>
        <line num="31" count="1" type="stmt"/>
        <line num="36" count="1" type="stmt"/>
        <line num="38" count="1" type="stmt"/>
        <line num="40" count="1" type="stmt"/>
        <line num="41" count="0" type="stmt"/>
        <line num="46" count="0" type="stmt"/>
        <line num="47" count="0" type="stmt"/>
        <line num="49" count="0" type="stmt"/>
        <line num="50" count="0" type="stmt"/>
        <line num="53" count="24" type="cond" truecount="2" falsecount="0"/>
        <line num="55" count="24" type="stmt"/>
        <line num="58" count="1" type="cond" truecount="2" falsecount="0"/>
        <line num="63" count="1" type="stmt"/>
        <line num="64" count="0" type="stmt"/>
      </file>
    </package>
    <package name="src.helpers">
      <metrics statements="7" coveredstatements="7" conditionals="10" coveredconditionals="10" methods="7" coveredmethods="7"/>
      <file name="selectors.js" path="/home/peterheyboer/lighthouse/scheduler/src/helpers/selectors.js">
        <metrics statements="7" coveredstatements="7" conditionals="10" coveredconditionals="10" methods="7" coveredmethods="7"/>
        <line num="2" count="13" type="stmt"/>
        <line num="4" count="13" type="cond" truecount="4" falsecount="0"/>
        <line num="6" count="18" type="stmt"/>
        <line num="10" count="13" type="stmt"/>
        <line num="12" count="13" type="cond" truecount="4" falsecount="0"/>
        <line num="14" count="16" type="stmt"/>
        <line num="18" count="12" type="stmt"/>
      </file>
    </package>
    <package name="src.hooks">
      <metrics statements="33" coveredstatements="23" conditionals="9" coveredconditionals="5" methods="17" coveredmethods="11"/>
      <file name="useApplicationData.js" path="/home/peterheyboer/lighthouse/scheduler/src/hooks/useApplicationData.js">
        <metrics statements="11" coveredstatements="9" conditionals="0" coveredconditionals="0" methods="8" coveredmethods="6"/>
        <line num="12" count="1" type="stmt"/>
        <line num="15" count="8" type="stmt"/>
        <line num="22" count="8" type="stmt"/>
        <line num="24" count="8" type="stmt"/>
        <line num="25" count="3" type="stmt"/>
        <line num="31" count="3" type="stmt"/>
        <line num="41" count="1" type="stmt"/>
        <line num="42" count="1" type="stmt"/>
        <line num="51" count="0" type="stmt"/>
        <line num="52" count="0" type="stmt"/>
        <line num="60" count="8" type="stmt"/>
      </file>
      <file name="useRealtimeUpdate.js" path="/home/peterheyboer/lighthouse/scheduler/src/hooks/useRealtimeUpdate.js">
        <metrics statements="8" coveredstatements="0" conditionals="4" coveredconditionals="0" methods="4" coveredmethods="0"/>
        <line num="5" count="0" type="stmt"/>
        <line num="6" count="0" type="stmt"/>
        <line num="8" count="0" type="stmt"/>
        <line num="9" count="0" type="stmt"/>
        <line num="11" count="0" type="cond" truecount="0" falsecount="4"/>
        <line num="12" count="0" type="stmt"/>
        <line num="16" count="0" type="stmt"/>
        <line num="17" count="0" type="stmt"/>
      </file>
      <file name="useVisualMode.js" path="/home/peterheyboer/lighthouse/scheduler/src/hooks/useVisualMode.js">
        <metrics statements="14" coveredstatements="14" conditionals="5" coveredconditionals="5" methods="5" coveredmethods="5"/>
        <line num="4" count="32" type="stmt"/>
        <line num="5" count="32" type="stmt"/>
        <line num="9" count="7" type="stmt"/>
        <line num="10" count="7" type="cond" truecount="2" falsecount="0"/>
        <line num="11" count="1" type="stmt"/>
        <line num="12" count="1" type="stmt"/>
        <line num="13" count="1" type="stmt"/>
        <line num="14" count="1" type="stmt"/>
        <line num="16" count="6" type="stmt"/>
        <line num="18" count="7" type="stmt"/>
        <line num="23" count="2" type="cond" truecount="2" falsecount="0"/>
        <line num="24" count="1" type="stmt"/>
        <line num="25" count="1" type="stmt"/>
        <line num="29" count="32" type="stmt"/>
      </file>
    </package>
    <package name="src.reducers">
      <metrics statements="15" coveredstatements="15" conditionals="10" coveredconditionals="9" methods="4" coveredmethods="4"/>
      <file name="application.js" path="/home/peterheyboer/lighthouse/scheduler/src/reducers/application.js">
        <metrics statements="15" coveredstatements="15" conditionals="10" coveredconditionals="9" methods="4" coveredmethods="4"/>
        <line num="1" count="2" type="stmt"/>
        <line num="2" count="2" type="stmt"/>
        <line num="3" count="2" type="stmt"/>
        <line num="6" count="6" type="cond" truecount="4" falsecount="0"/>
        <line num="8" count="1" type="stmt"/>
        <line num="10" count="3" type="stmt"/>
        <line num="17" count="1" type="stmt"/>
        <line num="22" count="1" type="stmt"/>
        <line num="27" count="1" type="stmt"/>
        <line num="28" count="1" type="stmt"/>
        <line num="30" count="2" type="cond" truecount="1" falsecount="1"/>
        <line num="34" count="1" type="stmt"/>
        <line num="35" count="2" type="cond" truecount="2" falsecount="0"/>
        <line num="43" count="1" type="stmt"/>
        <line num="50" count="1" type="stmt"/>
      </file>
    </package>
  </project>
</coverage>
