TN:
SF:src/main.jsx
FNF:0
FNH:0
DA:8,0
DA:9,0
LF:2
LH:0
BRF:0
BRH:0
end_of_record
TN:
SF:src/setupTests.js
FNF:0
FNH:0
LF:0
LH:0
BRF:0
BRH:0
end_of_record
TN:
SF:src/components/Application.jsx
FN:14,Application
FN:25,(anonymous_1)
FNF:2
FNH:2
FNDA:8,Application
FNDA:10,(anonymous_1)
DA:20,8
DA:22,8
DA:24,8
DA:26,10
DA:39,8
LF:5
LH:5
BRF:0
BRH:0
end_of_record
TN:
SF:src/components/Button.jsx
FN:5,Button
FNF:1
FNH:1
FNDA:31,Button
DA:6,31
DA:11,31
LF:2
LH:2
BRF:0
BRH:0
end_of_record
TN:
SF:src/components/DayList.jsx
FN:3,DayList
FN:4,(anonymous_1)
FNF:2
FNH:2
FNDA:8,DayList
FNDA:10,(anonymous_1)
DA:4,8
DA:5,10
DA:16,8
LF:3
LH:3
BRF:0
BRH:0
end_of_record
TN:
SF:src/components/DayListItem.jsx
FN:5,formatSpots
FN:12,DayListItem
FN:21,(anonymous_2)
FNF:3
FNH:3
FNDA:10,formatSpots
FNDA:10,DayListItem
FNDA:1,(anonymous_2)
DA:6,10
DA:7,9
DA:9,0
DA:13,10
DA:18,10
DA:21,1
LF:6
LH:5
BRDA:6,0,0,1
BRDA:6,0,1,9
BRDA:7,1,0,9
BRDA:7,1,1,0
BRF:4
BRH:3
end_of_record
TN:
SF:src/components/InterviewerList.jsx
FN:6,InterviewerList
FN:7,(anonymous_1)
FN:15,(anonymous_2)
FNF:3
FNH:3
FNDA:14,InterviewerList
FNDA:17,(anonymous_1)
FNDA:1,(anonymous_2)
DA:7,14
DA:8,17
DA:15,1
DA:20,14
DA:28,3
LF:5
LH:5
BRF:0
BRH:0
end_of_record
TN:
SF:src/components/InterviewerListItem.jsx
FN:6,InterviewerItem
FNF:1
FNH:1
FNDA:17,InterviewerItem
DA:7,17
DA:11,17
LF:2
LH:2
BRDA:19,0,0,17
BRDA:19,0,1,5
BRF:2
BRH:2
end_of_record
TN:
SF:src/components/Appointment/Confirm.jsx
FN:3,Confirm
FNF:1
FNH:1
FNDA:1,Confirm
DA:4,1
LF:1
LH:1
BRF:0
BRH:0
end_of_record
TN:
SF:src/components/Appointment/Empty.jsx
FN:1,Empty
FNF:1
FNH:1
FNDA:14,Empty
DA:2,14
LF:1
LH:1
BRF:0
BRH:0
end_of_record
TN:
SF:src/components/Appointment/Error.jsx
FN:1,Error
FNF:1
FNH:0
FNDA:0,Error
DA:2,0
LF:1
LH:0
BRF:0
BRH:0
end_of_record
TN:
SF:src/components/Appointment/Form.jsx
FN:6,Form
FN:11,reset
FN:17,cancel
FN:26,validate
FN:38,(anonymous_4)
FN:45,(anonymous_5)
FNF:6
FNH:5
FNDA:14,Form
FNDA:1,reset
FNDA:1,cancel
FNDA:5,validate
FNDA:0,(anonymous_4)
FNDA:3,(anonymous_5)
DA:7,14
DA:8,14
DA:9,14
DA:12,1
DA:13,1
DA:14,1
DA:18,1
DA:19,1
DA:27,5
DA:28,2
DA:29,2
DA:31,3
DA:32,3
DA:35,14
DA:38,0
DA:46,3
LF:16
LH:15
BRDA:7,0,0,14
BRDA:7,0,1,10
BRDA:8,1,0,14
BRDA:8,1,1,10
BRDA:27,2,0,2
BRDA:27,2,1,3
BRF:6
BRH:6
end_of_record
TN:
SF:src/components/Appointment/Header.jsx
FN:1,Header
FNF:1
FNH:1
FNDA:24,Header
DA:2,24
LF:1
LH:1
BRF:0
BRH:0
end_of_record
TN:
SF:src/components/Appointment/Show.jsx
FN:1,Show
FNF:1
FNH:1
FNDA:7,Show
DA:2,7
LF:1
LH:1
BRDA:9,0,0,7
BRDA:9,0,1,7
BRF:2
BRH:2
end_of_record
TN:
SF:src/components/Appointment/Status.jsx
FN:1,Status
FNF:1
FNH:1
FNDA:1,Status
DA:2,1
LF:1
LH:1
BRF:0
BRH:0
end_of_record
TN:
SF:src/components/Appointment/index.jsx
FN:24,Appointment
FN:30,save
FN:40,(anonymous_2)
FN:41,(anonymous_3)
FN:45,destroy
FN:49,(anonymous_5)
FN:50,(anonymous_6)
FN:58,(anonymous_7)
FN:63,(anonymous_8)
FN:64,(anonymous_9)
FNF:10
FNH:5
FNDA:24,Appointment
FNDA:1,save
FNDA:1,(anonymous_2)
FNDA:0,(anonymous_3)
FNDA:0,destroy
FNDA:0,(anonymous_5)
FNDA:0,(anonymous_6)
FNDA:1,(anonymous_7)
FNDA:1,(anonymous_8)
FNDA:0,(anonymous_9)
DA:14,2
DA:15,2
DA:16,2
DA:17,2
DA:18,2
DA:19,2
DA:20,2
DA:21,2
DA:22,2
DA:25,24
DA:31,1
DA:36,1
DA:38,1
DA:40,1
DA:41,0
DA:46,0
DA:47,0
DA:49,0
DA:50,0
DA:53,24
DA:55,24
DA:58,1
DA:63,1
DA:64,0
LF:24
LH:18
BRDA:26,0,0,8
BRDA:26,0,1,16
BRDA:53,1,0,24
BRDA:53,1,1,16
BRDA:58,2,0,24
BRDA:58,2,1,14
BRDA:59,3,0,24
BRDA:59,3,1,7
BRDA:67,4,0,24
BRDA:67,4,1,1
BRDA:70,5,0,24
BRDA:70,5,1,0
BRDA:73,6,0,0
BRDA:73,6,1,0
BRDA:79,7,0,24
BRDA:79,7,1,1
BRDA:80,8,0,24
BRDA:80,8,1,0
BRDA:81,9,0,24
BRDA:81,9,1,1
BRDA:88,10,0,24
BRDA:88,10,1,0
BRDA:91,11,0,24
BRDA:91,11,1,0
BRF:24
BRH:18
end_of_record
TN:
SF:src/helpers/selectors.js
FN:1,getAppointmentsForDay
FN:2,(anonymous_1)
FN:6,(anonymous_2)
FN:9,getInterviewersForDay
FN:10,(anonymous_4)
FN:14,(anonymous_5)
FN:17,getInterview
FNF:7
FNH:7
FNDA:13,getAppointmentsForDay
FNDA:12,(anonymous_1)
FNDA:18,(anonymous_2)
FNDA:13,getInterviewersForDay
FNDA:12,(anonymous_4)
FNDA:16,(anonymous_5)
FNDA:12,getInterview
DA:2,13
DA:4,13
DA:6,18
DA:10,13
DA:12,13
DA:14,16
DA:18,12
LF:7
LH:7
BRDA:4,0,0,5
BRDA:4,0,1,8
BRDA:4,1,0,13
BRDA:4,1,1,9
BRDA:12,2,0,5
BRDA:12,2,1,8
BRDA:12,3,0,13
BRDA:12,3,1,9
BRDA:19,4,0,12
BRDA:19,4,1,8
BRF:10
BRH:10
end_of_record
TN:
SF:src/hooks/useApplicationData.js
FN:14,useApplicationData
FN:22,(anonymous_1)
FN:24,(anonymous_2)
FN:30,(anonymous_3)
FN:40,bookInterview
FN:41,(anonymous_5)
FN:50,cancelInterview
FN:51,(anonymous_7)
FNF:8
FNH:6
FNDA:8,useApplicationData
FNDA:1,(anonymous_1)
FNDA:3,(anonymous_2)
FNDA:3,(anonymous_3)
FNDA:1,bookInterview
FNDA:1,(anonymous_5)
FNDA:0,cancelInterview
FNDA:0,(anonymous_7)
DA:12,1
DA:15,8
DA:22,8
DA:24,8
DA:25,3
DA:31,3
DA:41,1
DA:42,1
DA:51,0
DA:52,0
DA:60,8
LF:11
LH:9
BRF:0
BRH:0
end_of_record
TN:
SF:src/hooks/useRealtimeUpdate.js
FN:4,useRealtimeUpdate
FN:5,(anonymous_1)
FN:8,(anonymous_2)
FN:16,(anonymous_3)
FNF:4
FNH:0
FNDA:0,useRealtimeUpdate
FNDA:0,(anonymous_1)
FNDA:0,(anonymous_2)
FNDA:0,(anonymous_3)
DA:5,0
DA:6,0
DA:8,0
DA:9,0
DA:11,0
DA:12,0
DA:16,0
DA:17,0
LF:8
LH:0
BRDA:11,0,0,0
BRDA:11,0,1,0
BRDA:11,1,0,0
BRDA:11,1,1,0
BRF:4
BRH:0
end_of_record
TN:
SF:src/hooks/useVisualMode.js
FN:3,useVisualMode
FN:8,transition
FN:9,(anonymous_2)
FN:22,back
FN:24,(anonymous_4)
FNF:5
FNH:5
FNDA:32,useVisualMode
FNDA:7,transition
FNDA:7,(anonymous_2)
FNDA:2,back
FNDA:1,(anonymous_4)
DA:4,32
DA:5,32
DA:9,7
DA:10,7
DA:11,1
DA:12,1
DA:13,1
DA:14,1
DA:16,6
DA:18,7
DA:23,2
DA:24,1
DA:25,1
DA:29,32
LF:14
LH:14
BRDA:8,0,0,6
BRDA:10,1,0,1
BRDA:10,1,1,6
BRDA:23,2,0,1
BRDA:23,2,1,1
BRF:5
BRH:5
end_of_record
TN:
SF:src/reducers/application.js
FN:5,reducer
FN:27,(anonymous_1)
FN:30,(anonymous_2)
FN:34,(anonymous_3)
FNF:4
FNH:4
FNDA:6,reducer
FNDA:1,(anonymous_1)
FNDA:2,(anonymous_2)
FNDA:2,(anonymous_3)
DA:1,2
DA:2,2
DA:3,2
DA:6,6
DA:8,1
DA:10,3
DA:17,1
DA:22,1
DA:27,1
DA:28,1
DA:30,2
DA:34,1
DA:35,2
DA:43,1
DA:50,1
LF:15
LH:15
BRDA:6,0,0,1
BRDA:6,0,1,3
BRDA:6,0,2,1
BRDA:6,0,3,1
BRDA:19,1,0,1
BRDA:19,1,1,1
BRDA:30,2,0,2
BRDA:30,2,1,0
BRDA:35,3,0,1
BRDA:35,3,1,1
BRF:10
BRH:9
end_of_record
