TN:
SF:src/main.jsx
FNF:0
FNH:0
DA:8,0
DA:9,0
LF:2
LH:0
BRF:0
BRH:0
end_of_record
TN:
SF:src/setupTests.js
FNF:0
FNH:0
LF:0
LH:0
BRF:0
BRH:0
end_of_record
TN:
SF:src/components/Application.jsx
FN:14,Application
FN:25,(anonymous_1)
FNF:2
FNH:1
FNDA:1,Application
FNDA:0,(anonymous_1)
DA:20,1
DA:22,1
DA:24,1
DA:26,0
DA:39,1
LF:5
LH:4
BRF:0
BRH:0
end_of_record
TN:
SF:src/components/Button.jsx
FN:5,Button
FNF:1
FNH:1
FNDA:23,Button
DA:6,23
DA:11,23
LF:2
LH:2
BRF:0
BRH:0
end_of_record
TN:
SF:src/components/DayList.jsx
FN:3,DayList
FN:4,(anonymous_1)
FNF:2
FNH:1
FNDA:1,DayList
FNDA:0,(anonymous_1)
DA:4,1
DA:5,0
DA:16,1
LF:3
LH:2
BRF:0
BRH:0
end_of_record
TN:
SF:src/components/DayListItem.jsx
FN:5,formatSpots
FN:12,DayListItem
FN:21,(anonymous_2)
FNF:3
FNH:0
FNDA:0,formatSpots
FNDA:0,DayListItem
FNDA:0,(anonymous_2)
DA:6,0
DA:7,0
DA:9,0
DA:13,0
DA:18,0
DA:21,0
LF:6
LH:0
BRDA:6,0,0,0
BRDA:6,0,1,0
BRDA:7,1,0,0
BRDA:7,1,1,0
BRF:4
BRH:0
end_of_record
TN:
SF:src/components/InterviewerList.jsx
FN:6,InterviewerList
FN:7,(anonymous_1)
FN:15,(anonymous_2)
FNF:3
FNH:2
FNDA:11,InterviewerList
FNDA:11,(anonymous_1)
FNDA:0,(anonymous_2)
DA:7,11
DA:8,11
DA:15,0
DA:20,11
DA:28,3
LF:5
LH:4
BRF:0
BRH:0
end_of_record
TN:
SF:src/components/InterviewerListItem.jsx
FN:5,InterviewerItem
FNF:1
FNH:1
FNDA:11,InterviewerItem
DA:6,11
DA:10,11
LF:2
LH:2
BRDA:17,0,0,11
BRDA:17,0,1,4
BRF:2
BRH:2
end_of_record
TN:
SF:src/components/Appointment/Confirm.jsx
FN:3,Confirm
FNF:1
FNH:0
FNDA:0,Confirm
DA:4,0
LF:1
LH:0
BRF:0
BRH:0
end_of_record
TN:
SF:src/components/Appointment/Empty.jsx
FN:1,Empty
FNF:1
FNH:1
FNDA:4,Empty
DA:2,4
LF:1
LH:1
BRF:0
BRH:0
end_of_record
TN:
SF:src/components/Appointment/Error.jsx
FN:1,Error
FNF:1
FNH:0
FNDA:0,Error
DA:2,0
LF:1
LH:0
BRF:0
BRH:0
end_of_record
TN:
SF:src/components/Appointment/Form.jsx
FN:6,Form
FN:11,reset
FN:17,cancel
FN:26,validate
FN:38,(anonymous_4)
FN:45,(anonymous_5)
FNF:6
FNH:5
FNDA:11,Form
FNDA:1,reset
FNDA:1,cancel
FNDA:4,validate
FNDA:0,(anonymous_4)
FNDA:2,(anonymous_5)
DA:7,11
DA:8,11
DA:9,11
DA:12,1
DA:13,1
DA:14,1
DA:18,1
DA:19,1
DA:27,4
DA:28,2
DA:29,2
DA:31,2
DA:32,2
DA:35,11
DA:38,0
DA:46,2
LF:16
LH:15
BRDA:7,0,0,11
BRDA:7,0,1,7
BRDA:8,1,0,11
BRDA:8,1,1,7
BRDA:27,2,0,2
BRDA:27,2,1,2
BRF:6
BRH:6
end_of_record
TN:
SF:src/components/Appointment/Header.jsx
FN:1,Header
FNF:1
FNH:1
FNDA:4,Header
DA:2,4
LF:1
LH:1
BRF:0
BRH:0
end_of_record
TN:
SF:src/components/Appointment/Show.jsx
FN:1,Show
FNF:1
FNH:0
FNDA:0,Show
DA:2,0
LF:1
LH:0
BRDA:9,0,0,0
BRDA:9,0,1,0
BRF:2
BRH:0
end_of_record
TN:
SF:src/components/Appointment/Status.jsx
FN:1,Status
FNF:1
FNH:0
FNDA:0,Status
DA:2,0
LF:1
LH:0
BRF:0
BRH:0
end_of_record
TN:
SF:src/components/Appointment/index.jsx
FN:24,Appointment
FN:30,save
FN:40,(anonymous_2)
FN:41,(anonymous_3)
FN:45,destroy
FN:49,(anonymous_5)
FN:50,(anonymous_6)
FN:58,(anonymous_7)
FN:63,(anonymous_8)
FN:64,(anonymous_9)
FNF:10
FNH:1
FNDA:4,Appointment
FNDA:0,save
FNDA:0,(anonymous_2)
FNDA:0,(anonymous_3)
FNDA:0,destroy
FNDA:0,(anonymous_5)
FNDA:0,(anonymous_6)
FNDA:0,(anonymous_7)
FNDA:0,(anonymous_8)
FNDA:0,(anonymous_9)
DA:14,2
DA:15,2
DA:16,2
DA:17,2
DA:18,2
DA:19,2
DA:20,2
DA:21,2
DA:22,2
DA:25,4
DA:31,0
DA:36,0
DA:38,0
DA:40,0
DA:41,0
DA:46,0
DA:47,0
DA:49,0
DA:50,0
DA:53,4
DA:55,4
DA:58,0
DA:63,0
DA:64,0
LF:24
LH:12
BRDA:26,0,0,0
BRDA:26,0,1,4
BRDA:53,1,0,4
BRDA:53,1,1,4
BRDA:58,2,0,4
BRDA:58,2,1,4
BRDA:59,3,0,4
BRDA:59,3,1,0
BRDA:67,4,0,4
BRDA:67,4,1,0
BRDA:70,5,0,4
BRDA:70,5,1,0
BRDA:73,6,0,0
BRDA:73,6,1,0
BRDA:79,7,0,4
BRDA:79,7,1,0
BRDA:80,8,0,4
BRDA:80,8,1,0
BRDA:81,9,0,4
BRDA:81,9,1,0
BRDA:88,10,0,4
BRDA:88,10,1,0
BRDA:91,11,0,4
BRDA:91,11,1,0
BRF:24
BRH:13
end_of_record
TN:
SF:src/helpers/selectors.js
FN:1,getAppointmentsForDay
FN:2,(anonymous_1)
FN:6,(anonymous_2)
FN:9,getInterviewersForDay
FN:10,(anonymous_4)
FN:14,(anonymous_5)
FN:17,getInterview
FNF:7
FNH:7
FNDA:6,getAppointmentsForDay
FNDA:6,(anonymous_1)
FNDA:8,(anonymous_2)
FNDA:6,getInterviewersForDay
FNDA:6,(anonymous_4)
FNDA:6,(anonymous_5)
FNDA:2,getInterview
DA:2,6
DA:4,6
DA:6,8
DA:10,6
DA:12,6
DA:14,6
DA:18,2
LF:7
LH:7
BRDA:4,0,0,3
BRDA:4,0,1,3
BRDA:4,1,0,6
BRDA:4,1,1,4
BRDA:12,2,0,3
BRDA:12,2,1,3
BRDA:12,3,0,6
BRDA:12,3,1,4
BRDA:19,4,0,2
BRDA:19,4,1,1
BRF:10
BRH:10
end_of_record
TN:
SF:src/hooks/useApplicationData.js
FN:14,useApplicationData
FN:22,(anonymous_1)
FN:24,(anonymous_2)
FN:30,(anonymous_3)
FN:40,bookInterview
FN:41,(anonymous_5)
FN:50,cancelInterview
FN:51,(anonymous_7)
FNF:8
FNH:2
FNDA:1,useApplicationData
FNDA:0,(anonymous_1)
FNDA:1,(anonymous_2)
FNDA:0,(anonymous_3)
FNDA:0,bookInterview
FNDA:0,(anonymous_5)
FNDA:0,cancelInterview
FNDA:0,(anonymous_7)
DA:12,1
DA:15,1
DA:22,1
DA:24,1
DA:25,1
DA:31,0
DA:41,0
DA:42,0
DA:51,0
DA:52,0
DA:60,1
LF:11
LH:6
BRF:0
BRH:0
end_of_record
TN:
SF:src/hooks/useRealtimeUpdate.js
FN:4,useRealtimeUpdate
FN:5,(anonymous_1)
FN:8,(anonymous_2)
FN:16,(anonymous_3)
FNF:4
FNH:0
FNDA:0,useRealtimeUpdate
FNDA:0,(anonymous_1)
FNDA:0,(anonymous_2)
FNDA:0,(anonymous_3)
DA:5,0
DA:6,0
DA:8,0
DA:9,0
DA:11,0
DA:12,0
DA:16,0
DA:17,0
LF:8
LH:0
BRDA:11,0,0,0
BRDA:11,0,1,0
BRDA:11,1,0,0
BRDA:11,1,1,0
BRF:4
BRH:0
end_of_record
TN:
SF:src/hooks/useVisualMode.js
FN:3,useVisualMode
FN:8,transition
FN:9,(anonymous_2)
FN:22,back
FN:24,(anonymous_4)
FNF:5
FNH:5
FNDA:12,useVisualMode
FNDA:3,transition
FNDA:3,(anonymous_2)
FNDA:2,back
FNDA:1,(anonymous_4)
DA:4,12
DA:5,12
DA:9,3
DA:10,3
DA:11,1
DA:12,1
DA:13,1
DA:14,1
DA:16,2
DA:18,3
DA:23,2
DA:24,1
DA:25,1
DA:29,12
LF:14
LH:14
BRDA:8,0,0,2
BRDA:10,1,0,1
BRDA:10,1,1,2
BRDA:23,2,0,1
BRDA:23,2,1,1
BRF:5
BRH:5
end_of_record
TN:
SF:src/reducers/application.js
FN:5,reducer
FN:27,(anonymous_1)
FN:30,(anonymous_2)
FN:34,(anonymous_3)
FNF:4
FNH:1
FNDA:1,reducer
FNDA:0,(anonymous_1)
FNDA:0,(anonymous_2)
FNDA:0,(anonymous_3)
DA:1,2
DA:2,2
DA:3,2
DA:6,1
DA:8,0
DA:10,0
DA:17,0
DA:22,0
DA:27,0
DA:28,0
DA:30,0
DA:34,0
DA:35,0
DA:43,0
DA:50,1
LF:15
LH:5
BRDA:6,0,0,0
BRDA:6,0,1,0
BRDA:6,0,2,0
BRDA:6,0,3,1
BRDA:19,1,0,0
BRDA:19,1,1,0
BRDA:30,2,0,0
BRDA:30,2,1,0
BRDA:35,3,0,0
BRDA:35,3,1,0
BRF:10
BRH:1
end_of_record
